Linked: (/home/nizhar/drone/devel/.private/drone_controller/share/gennodejs/ros/drone_controller/_index.js, /home/nizhar/drone/devel/share/gennodejs/ros/drone_controller/_index.js)
Linked: (/home/nizhar/drone/devel/.private/drone_controller/share/gennodejs/ros/drone_controller/srv/_index.js, /home/nizhar/drone/devel/share/gennodejs/ros/drone_controller/srv/_index.js)
Linked: (/home/nizhar/drone/devel/.private/drone_controller/share/gennodejs/ros/drone_controller/srv/SetRefPose.js, /home/nizhar/drone/devel/share/gennodejs/ros/drone_controller/srv/SetRefPose.js)
Linked: (/home/nizhar/drone/devel/.private/drone_controller/share/gennodejs/ros/drone_controller/srv/MoveDroneW.js, /home/nizhar/drone/devel/share/gennodejs/ros/drone_controller/srv/MoveDroneW.js)
Linked: (/home/nizhar/drone/devel/.private/drone_controller/share/roseus/ros/drone_controller/manifest.l, /home/nizhar/drone/devel/share/roseus/ros/drone_controller/manifest.l)
Linked: (/home/nizhar/drone/devel/.private/drone_controller/share/roseus/ros/drone_controller/srv/MoveDroneW.l, /home/nizhar/drone/devel/share/roseus/ros/drone_controller/srv/MoveDroneW.l)
Linked: (/home/nizhar/drone/devel/.private/drone_controller/share/roseus/ros/drone_controller/srv/SetRefPose.l, /home/nizhar/drone/devel/share/roseus/ros/drone_controller/srv/SetRefPose.l)
Linked: (/home/nizhar/drone/devel/.private/drone_controller/share/common-lisp/ros/drone_controller/srv/SetRefPose.lisp, /home/nizhar/drone/devel/share/common-lisp/ros/drone_controller/srv/SetRefPose.lisp)
Linked: (/home/nizhar/drone/devel/.private/drone_controller/share/common-lisp/ros/drone_controller/srv/_package_MoveDroneW.lisp, /home/nizhar/drone/devel/share/common-lisp/ros/drone_controller/srv/_package_MoveDroneW.lisp)
Linked: (/home/nizhar/drone/devel/.private/drone_controller/share/common-lisp/ros/drone_controller/srv/_package.lisp, /home/nizhar/drone/devel/share/common-lisp/ros/drone_controller/srv/_package.lisp)
Linked: (/home/nizhar/drone/devel/.private/drone_controller/share/common-lisp/ros/drone_controller/srv/drone_controller-srv.asd, /home/nizhar/drone/devel/share/common-lisp/ros/drone_controller/srv/drone_controller-srv.asd)
Linked: (/home/nizhar/drone/devel/.private/drone_controller/share/common-lisp/ros/drone_controller/srv/MoveDroneW.lisp, /home/nizhar/drone/devel/share/common-lisp/ros/drone_controller/srv/MoveDroneW.lisp)
Linked: (/home/nizhar/drone/devel/.private/drone_controller/share/common-lisp/ros/drone_controller/srv/_package_SetRefPose.lisp, /home/nizhar/drone/devel/share/common-lisp/ros/drone_controller/srv/_package_SetRefPose.lisp)
Linked: (/home/nizhar/drone/devel/.private/drone_controller/share/drone_controller/cmake/drone_controller-msg-paths.cmake, /home/nizhar/drone/devel/share/drone_controller/cmake/drone_controller-msg-paths.cmake)
Linked: (/home/nizhar/drone/devel/.private/drone_controller/share/drone_controller/cmake/drone_controller-msg-extras.cmake, /home/nizhar/drone/devel/share/drone_controller/cmake/drone_controller-msg-extras.cmake)
Linked: (/home/nizhar/drone/devel/.private/drone_controller/share/drone_controller/cmake/drone_controllerConfig-version.cmake, /home/nizhar/drone/devel/share/drone_controller/cmake/drone_controllerConfig-version.cmake)
Linked: (/home/nizhar/drone/devel/.private/drone_controller/share/drone_controller/cmake/drone_controllerConfig.cmake, /home/nizhar/drone/devel/share/drone_controller/cmake/drone_controllerConfig.cmake)
Linked: (/home/nizhar/drone/devel/.private/drone_controller/lib/pkgconfig/drone_controller.pc, /home/nizhar/drone/devel/lib/pkgconfig/drone_controller.pc)
Linked: (/home/nizhar/drone/devel/.private/drone_controller/lib/drone_controller/controller_interface, /home/nizhar/drone/devel/lib/drone_controller/controller_interface)
Linked: (/home/nizhar/drone/devel/.private/drone_controller/lib/drone_controller/position_controller_interface, /home/nizhar/drone/devel/lib/drone_controller/position_controller_interface)
Linked: (/home/nizhar/drone/devel/.private/drone_controller/lib/drone_controller/path_visualization, /home/nizhar/drone/devel/lib/drone_controller/path_visualization)
Linked: (/home/nizhar/drone/devel/.private/drone_controller/lib/drone_controller/altitude_controller_interface, /home/nizhar/drone/devel/lib/drone_controller/altitude_controller_interface)
Linked: (/home/nizhar/drone/devel/.private/drone_controller/lib/python2.7/dist-packages/drone_controller/__init__.py, /home/nizhar/drone/devel/lib/python2.7/dist-packages/drone_controller/__init__.py)
Linked: (/home/nizhar/drone/devel/.private/drone_controller/lib/python2.7/dist-packages/drone_controller/srv/__init__.py, /home/nizhar/drone/devel/lib/python2.7/dist-packages/drone_controller/srv/__init__.py)
Linked: (/home/nizhar/drone/devel/.private/drone_controller/lib/python2.7/dist-packages/drone_controller/srv/_MoveDroneW.py, /home/nizhar/drone/devel/lib/python2.7/dist-packages/drone_controller/srv/_MoveDroneW.py)
Linked: (/home/nizhar/drone/devel/.private/drone_controller/lib/python2.7/dist-packages/drone_controller/srv/_SetRefPose.py, /home/nizhar/drone/devel/lib/python2.7/dist-packages/drone_controller/srv/_SetRefPose.py)
Linked: (/home/nizhar/drone/devel/.private/drone_controller/include/drone_controller/MoveDroneW.h, /home/nizhar/drone/devel/include/drone_controller/MoveDroneW.h)
Linked: (/home/nizhar/drone/devel/.private/drone_controller/include/drone_controller/MoveDroneWRequest.h, /home/nizhar/drone/devel/include/drone_controller/MoveDroneWRequest.h)
Linked: (/home/nizhar/drone/devel/.private/drone_controller/include/drone_controller/SetRefPose.h, /home/nizhar/drone/devel/include/drone_controller/SetRefPose.h)
Linked: (/home/nizhar/drone/devel/.private/drone_controller/include/drone_controller/MoveDroneWResponse.h, /home/nizhar/drone/devel/include/drone_controller/MoveDroneWResponse.h)
Linked: (/home/nizhar/drone/devel/.private/drone_controller/include/drone_controller/SetRefPoseResponse.h, /home/nizhar/drone/devel/include/drone_controller/SetRefPoseResponse.h)
Linked: (/home/nizhar/drone/devel/.private/drone_controller/include/drone_controller/SetRefPoseRequest.h, /home/nizhar/drone/devel/include/drone_controller/SetRefPoseRequest.h)
