Determining if the pthread_create exist failed with the following output:
Change Dir: /home/nizhar/botello/botello_ws/build/tello_driver/CMakeFiles/CMakeTmp

Run Build Command:"/usr/bin/make" "cmTC_48708/fast"
/usr/bin/make -f CMakeFiles/cmTC_48708.dir/build.make CMakeFiles/cmTC_48708.dir/build
make[1]: Entering directory '/home/nizhar/botello/botello_ws/build/tello_driver/CMakeFiles/CMakeTmp'
Building C object CMakeFiles/cmTC_48708.dir/CheckSymbolExists.c.o
/usr/bin/cc    -o CMakeFiles/cmTC_48708.dir/CheckSymbolExists.c.o   -c /home/nizhar/botello/botello_ws/build/tello_driver/CMakeFiles/CMakeTmp/CheckSymbolExists.c
Linking C executable cmTC_48708
/usr/bin/cmake -E cmake_link_script CMakeFiles/cmTC_48708.dir/link.txt --verbose=1
/usr/bin/cc      -rdynamic CMakeFiles/cmTC_48708.dir/CheckSymbolExists.c.o  -o cmTC_48708 
CMakeFiles/cmTC_48708.dir/CheckSymbolExists.c.o: In function `main':
CheckSymbolExists.c:(.text+0x1b): undefined reference to `pthread_create'
collect2: error: ld returned 1 exit status
CMakeFiles/cmTC_48708.dir/build.make:97: recipe for target 'cmTC_48708' failed
make[1]: *** [cmTC_48708] Error 1
make[1]: Leaving directory '/home/nizhar/botello/botello_ws/build/tello_driver/CMakeFiles/CMakeTmp'
Makefile:126: recipe for target 'cmTC_48708/fast' failed
make: *** [cmTC_48708/fast] Error 2

File /home/nizhar/botello/botello_ws/build/tello_driver/CMakeFiles/CMakeTmp/CheckSymbolExists.c:
/* */
#include <pthread.h>

int main(int argc, char** argv)
{
  (void)argv;
#ifndef pthread_create
  return ((int*)(&pthread_create))[argc];
#else
  (void)argc;
  return 0;
#endif
}

Determining if the function pthread_create exists in the pthreads failed with the following output:
Change Dir: /home/nizhar/botello/botello_ws/build/tello_driver/CMakeFiles/CMakeTmp

Run Build Command:"/usr/bin/make" "cmTC_b9f7f/fast"
/usr/bin/make -f CMakeFiles/cmTC_b9f7f.dir/build.make CMakeFiles/cmTC_b9f7f.dir/build
make[1]: Entering directory '/home/nizhar/botello/botello_ws/build/tello_driver/CMakeFiles/CMakeTmp'
Building C object CMakeFiles/cmTC_b9f7f.dir/CheckFunctionExists.c.o
/usr/bin/cc   -DCHECK_FUNCTION_EXISTS=pthread_create   -o CMakeFiles/cmTC_b9f7f.dir/CheckFunctionExists.c.o   -c /usr/share/cmake-3.10/Modules/CheckFunctionExists.c
Linking C executable cmTC_b9f7f
/usr/bin/cmake -E cmake_link_script CMakeFiles/cmTC_b9f7f.dir/link.txt --verbose=1
/usr/bin/cc  -DCHECK_FUNCTION_EXISTS=pthread_create    -rdynamic CMakeFiles/cmTC_b9f7f.dir/CheckFunctionExists.c.o  -o cmTC_b9f7f -lpthreads 
/usr/bin/ld: cannot find -lpthreads
collect2: error: ld returned 1 exit status
CMakeFiles/cmTC_b9f7f.dir/build.make:97: recipe for target 'cmTC_b9f7f' failed
make[1]: *** [cmTC_b9f7f] Error 1
make[1]: Leaving directory '/home/nizhar/botello/botello_ws/build/tello_driver/CMakeFiles/CMakeTmp'
Makefile:126: recipe for target 'cmTC_b9f7f/fast' failed
make: *** [cmTC_b9f7f/fast] Error 2


