Determining if the pthread_create exist failed with the following output:
Change Dir: /home/nizhar/catkin_ws/build/tello_driver/CMakeFiles/CMakeTmp

Run Build Command:"/usr/bin/make" "cmTC_2abb5/fast"
/usr/bin/make -f CMakeFiles/cmTC_2abb5.dir/build.make CMakeFiles/cmTC_2abb5.dir/build
make[1]: Entering directory '/home/nizhar/catkin_ws/build/tello_driver/CMakeFiles/CMakeTmp'
Building C object CMakeFiles/cmTC_2abb5.dir/CheckSymbolExists.c.o
/usr/bin/cc    -o CMakeFiles/cmTC_2abb5.dir/CheckSymbolExists.c.o   -c /home/nizhar/catkin_ws/build/tello_driver/CMakeFiles/CMakeTmp/CheckSymbolExists.c
Linking C executable cmTC_2abb5
/usr/bin/cmake -E cmake_link_script CMakeFiles/cmTC_2abb5.dir/link.txt --verbose=1
/usr/bin/cc      -rdynamic CMakeFiles/cmTC_2abb5.dir/CheckSymbolExists.c.o  -o cmTC_2abb5 
CMakeFiles/cmTC_2abb5.dir/CheckSymbolExists.c.o: In function `main':
CheckSymbolExists.c:(.text+0x1b): undefined reference to `pthread_create'
collect2: error: ld returned 1 exit status
CMakeFiles/cmTC_2abb5.dir/build.make:97: recipe for target 'cmTC_2abb5' failed
make[1]: *** [cmTC_2abb5] Error 1
make[1]: Leaving directory '/home/nizhar/catkin_ws/build/tello_driver/CMakeFiles/CMakeTmp'
Makefile:126: recipe for target 'cmTC_2abb5/fast' failed
make: *** [cmTC_2abb5/fast] Error 2

File /home/nizhar/catkin_ws/build/tello_driver/CMakeFiles/CMakeTmp/CheckSymbolExists.c:
/* */
#include <pthread.h>

int main(int argc, char** argv)
{
  (void)argv;
#ifndef pthread_create
  return ((int*)(&pthread_create))[argc];
#else
  (void)argc;
  return 0;
#endif
}

Determining if the function pthread_create exists in the pthreads failed with the following output:
Change Dir: /home/nizhar/catkin_ws/build/tello_driver/CMakeFiles/CMakeTmp

Run Build Command:"/usr/bin/make" "cmTC_c8282/fast"
/usr/bin/make -f CMakeFiles/cmTC_c8282.dir/build.make CMakeFiles/cmTC_c8282.dir/build
make[1]: Entering directory '/home/nizhar/catkin_ws/build/tello_driver/CMakeFiles/CMakeTmp'
Building C object CMakeFiles/cmTC_c8282.dir/CheckFunctionExists.c.o
/usr/bin/cc   -DCHECK_FUNCTION_EXISTS=pthread_create   -o CMakeFiles/cmTC_c8282.dir/CheckFunctionExists.c.o   -c /usr/share/cmake-3.10/Modules/CheckFunctionExists.c
Linking C executable cmTC_c8282
/usr/bin/cmake -E cmake_link_script CMakeFiles/cmTC_c8282.dir/link.txt --verbose=1
/usr/bin/cc  -DCHECK_FUNCTION_EXISTS=pthread_create    -rdynamic CMakeFiles/cmTC_c8282.dir/CheckFunctionExists.c.o  -o cmTC_c8282 -lpthreads 
/usr/bin/ld: cannot find -lpthreads
collect2: error: ld returned 1 exit status
CMakeFiles/cmTC_c8282.dir/build.make:97: recipe for target 'cmTC_c8282' failed
make[1]: *** [cmTC_c8282] Error 1
make[1]: Leaving directory '/home/nizhar/catkin_ws/build/tello_driver/CMakeFiles/CMakeTmp'
Makefile:126: recipe for target 'cmTC_c8282/fast' failed
make: *** [cmTC_c8282/fast] Error 2


