Linked: (/home/nizhar/botello/botello_ws/devel/.private/tello_driver/share/tello_driver/cmake/tello_driver-msg-extras.cmake, /home/nizhar/botello/botello_ws/devel/share/tello_driver/cmake/tello_driver-msg-extras.cmake)
Linked: (/home/nizhar/botello/botello_ws/devel/.private/tello_driver/share/tello_driver/cmake/tello_driverConfig-version.cmake, /home/nizhar/botello/botello_ws/devel/share/tello_driver/cmake/tello_driverConfig-version.cmake)
Linked: (/home/nizhar/botello/botello_ws/devel/.private/tello_driver/share/tello_driver/cmake/tello_driver-msg-paths.cmake, /home/nizhar/botello/botello_ws/devel/share/tello_driver/cmake/tello_driver-msg-paths.cmake)
Linked: (/home/nizhar/botello/botello_ws/devel/.private/tello_driver/share/tello_driver/cmake/tello_driverConfig.cmake, /home/nizhar/botello/botello_ws/devel/share/tello_driver/cmake/tello_driverConfig.cmake)
Linked: (/home/nizhar/botello/botello_ws/devel/.private/tello_driver/share/tello_driver/docs/TelloConfig.dox, /home/nizhar/botello/botello_ws/devel/share/tello_driver/docs/TelloConfig.dox)
Linked: (/home/nizhar/botello/botello_ws/devel/.private/tello_driver/share/tello_driver/docs/TelloConfig-usage.dox, /home/nizhar/botello/botello_ws/devel/share/tello_driver/docs/TelloConfig-usage.dox)
Linked: (/home/nizhar/botello/botello_ws/devel/.private/tello_driver/share/tello_driver/docs/TelloConfig.wikidoc, /home/nizhar/botello/botello_ws/devel/share/tello_driver/docs/TelloConfig.wikidoc)
Linked: (/home/nizhar/botello/botello_ws/devel/.private/tello_driver/share/gennodejs/ros/tello_driver/_index.js, /home/nizhar/botello/botello_ws/devel/share/gennodejs/ros/tello_driver/_index.js)
Linked: (/home/nizhar/botello/botello_ws/devel/.private/tello_driver/share/gennodejs/ros/tello_driver/msg/_index.js, /home/nizhar/botello/botello_ws/devel/share/gennodejs/ros/tello_driver/msg/_index.js)
Linked: (/home/nizhar/botello/botello_ws/devel/.private/tello_driver/share/gennodejs/ros/tello_driver/msg/TelloStatus.js, /home/nizhar/botello/botello_ws/devel/share/gennodejs/ros/tello_driver/msg/TelloStatus.js)
Linked: (/home/nizhar/botello/botello_ws/devel/.private/tello_driver/share/roseus/ros/tello_driver/manifest.l, /home/nizhar/botello/botello_ws/devel/share/roseus/ros/tello_driver/manifest.l)
Linked: (/home/nizhar/botello/botello_ws/devel/.private/tello_driver/share/roseus/ros/tello_driver/msg/TelloStatus.l, /home/nizhar/botello/botello_ws/devel/share/roseus/ros/tello_driver/msg/TelloStatus.l)
Linked: (/home/nizhar/botello/botello_ws/devel/.private/tello_driver/share/common-lisp/ros/tello_driver/msg/_package.lisp, /home/nizhar/botello/botello_ws/devel/share/common-lisp/ros/tello_driver/msg/_package.lisp)
Linked: (/home/nizhar/botello/botello_ws/devel/.private/tello_driver/share/common-lisp/ros/tello_driver/msg/TelloStatus.lisp, /home/nizhar/botello/botello_ws/devel/share/common-lisp/ros/tello_driver/msg/TelloStatus.lisp)
Linked: (/home/nizhar/botello/botello_ws/devel/.private/tello_driver/share/common-lisp/ros/tello_driver/msg/tello_driver-msg.asd, /home/nizhar/botello/botello_ws/devel/share/common-lisp/ros/tello_driver/msg/tello_driver-msg.asd)
Linked: (/home/nizhar/botello/botello_ws/devel/.private/tello_driver/share/common-lisp/ros/tello_driver/msg/_package_TelloStatus.lisp, /home/nizhar/botello/botello_ws/devel/share/common-lisp/ros/tello_driver/msg/_package_TelloStatus.lisp)
Linked: (/home/nizhar/botello/botello_ws/devel/.private/tello_driver/lib/pkgconfig/tello_driver.pc, /home/nizhar/botello/botello_ws/devel/lib/pkgconfig/tello_driver.pc)
Linked: (/home/nizhar/botello/botello_ws/devel/.private/tello_driver/lib/python2.7/dist-packages/tello_driver/__init__.py, /home/nizhar/botello/botello_ws/devel/lib/python2.7/dist-packages/tello_driver/__init__.py)
Linked: (/home/nizhar/botello/botello_ws/devel/.private/tello_driver/lib/python2.7/dist-packages/tello_driver/cfg/TelloConfig.py, /home/nizhar/botello/botello_ws/devel/lib/python2.7/dist-packages/tello_driver/cfg/TelloConfig.py)
Linked: (/home/nizhar/botello/botello_ws/devel/.private/tello_driver/lib/python2.7/dist-packages/tello_driver/cfg/__init__.py, /home/nizhar/botello/botello_ws/devel/lib/python2.7/dist-packages/tello_driver/cfg/__init__.py)
Linked: (/home/nizhar/botello/botello_ws/devel/.private/tello_driver/lib/python2.7/dist-packages/tello_driver/msg/_TelloStatus.py, /home/nizhar/botello/botello_ws/devel/lib/python2.7/dist-packages/tello_driver/msg/_TelloStatus.py)
Linked: (/home/nizhar/botello/botello_ws/devel/.private/tello_driver/lib/python2.7/dist-packages/tello_driver/msg/__init__.py, /home/nizhar/botello/botello_ws/devel/lib/python2.7/dist-packages/tello_driver/msg/__init__.py)
Linked: (/home/nizhar/botello/botello_ws/devel/.private/tello_driver/lib/python2.7/dist-packages/tellopy/__init__.py, /home/nizhar/botello/botello_ws/devel/lib/python2.7/dist-packages/tellopy/__init__.py)
Linked: (/home/nizhar/botello/botello_ws/devel/.private/tello_driver/include/tello_driver/TelloStatus.h, /home/nizhar/botello/botello_ws/devel/include/tello_driver/TelloStatus.h)
Linked: (/home/nizhar/botello/botello_ws/devel/.private/tello_driver/include/tello_driver/TelloConfig.h, /home/nizhar/botello/botello_ws/devel/include/tello_driver/TelloConfig.h)
