Determining if the pthread_create exist failed with the following output:
Change Dir: /home/nizhar/botello/botello_ws/build/botello_movement/CMakeFiles/CMakeTmp

Run Build Command:"/usr/bin/make" "cmTC_ed5c7/fast"
/usr/bin/make -f CMakeFiles/cmTC_ed5c7.dir/build.make CMakeFiles/cmTC_ed5c7.dir/build
make[1]: Entering directory '/home/nizhar/botello/botello_ws/build/botello_movement/CMakeFiles/CMakeTmp'
Building C object CMakeFiles/cmTC_ed5c7.dir/CheckSymbolExists.c.o
/usr/bin/cc    -o CMakeFiles/cmTC_ed5c7.dir/CheckSymbolExists.c.o   -c /home/nizhar/botello/botello_ws/build/botello_movement/CMakeFiles/CMakeTmp/CheckSymbolExists.c
Linking C executable cmTC_ed5c7
/usr/bin/cmake -E cmake_link_script CMakeFiles/cmTC_ed5c7.dir/link.txt --verbose=1
/usr/bin/cc      -rdynamic CMakeFiles/cmTC_ed5c7.dir/CheckSymbolExists.c.o  -o cmTC_ed5c7 
CMakeFiles/cmTC_ed5c7.dir/CheckSymbolExists.c.o: In function `main':
CheckSymbolExists.c:(.text+0x1b): undefined reference to `pthread_create'
collect2: error: ld returned 1 exit status
CMakeFiles/cmTC_ed5c7.dir/build.make:97: recipe for target 'cmTC_ed5c7' failed
make[1]: *** [cmTC_ed5c7] Error 1
make[1]: Leaving directory '/home/nizhar/botello/botello_ws/build/botello_movement/CMakeFiles/CMakeTmp'
Makefile:126: recipe for target 'cmTC_ed5c7/fast' failed
make: *** [cmTC_ed5c7/fast] Error 2

File /home/nizhar/botello/botello_ws/build/botello_movement/CMakeFiles/CMakeTmp/CheckSymbolExists.c:
/* */
#include <pthread.h>

int main(int argc, char** argv)
{
  (void)argv;
#ifndef pthread_create
  return ((int*)(&pthread_create))[argc];
#else
  (void)argc;
  return 0;
#endif
}

Determining if the function pthread_create exists in the pthreads failed with the following output:
Change Dir: /home/nizhar/botello/botello_ws/build/botello_movement/CMakeFiles/CMakeTmp

Run Build Command:"/usr/bin/make" "cmTC_ffc5a/fast"
/usr/bin/make -f CMakeFiles/cmTC_ffc5a.dir/build.make CMakeFiles/cmTC_ffc5a.dir/build
make[1]: Entering directory '/home/nizhar/botello/botello_ws/build/botello_movement/CMakeFiles/CMakeTmp'
Building C object CMakeFiles/cmTC_ffc5a.dir/CheckFunctionExists.c.o
/usr/bin/cc   -DCHECK_FUNCTION_EXISTS=pthread_create   -o CMakeFiles/cmTC_ffc5a.dir/CheckFunctionExists.c.o   -c /usr/share/cmake-3.10/Modules/CheckFunctionExists.c
Linking C executable cmTC_ffc5a
/usr/bin/cmake -E cmake_link_script CMakeFiles/cmTC_ffc5a.dir/link.txt --verbose=1
/usr/bin/cc  -DCHECK_FUNCTION_EXISTS=pthread_create    -rdynamic CMakeFiles/cmTC_ffc5a.dir/CheckFunctionExists.c.o  -o cmTC_ffc5a -lpthreads 
/usr/bin/ld: cannot find -lpthreads
collect2: error: ld returned 1 exit status
CMakeFiles/cmTC_ffc5a.dir/build.make:97: recipe for target 'cmTC_ffc5a' failed
make[1]: *** [cmTC_ffc5a] Error 1
make[1]: Leaving directory '/home/nizhar/botello/botello_ws/build/botello_movement/CMakeFiles/CMakeTmp'
Makefile:126: recipe for target 'cmTC_ffc5a/fast' failed
make: *** [cmTC_ffc5a/fast] Error 2


